[    0.000000] Initializing cgroup subsys cpuset
[    0.000000] Initializing cgroup subsys cpu
[    0.000000] Initializing cgroup subsys cpuacct
[    0.000000] Linux version 4.4.0-166-generic (buildd@lcy01-amd64-020) (gcc version 5.4.0 20160609 (Ubuntu 5.4.0-6ubuntu1~16.04.10) ) #195-Ubuntu SMP Tue Oct 1 09:35:25 UTC 2019 (Ubuntu 4.4.0-166.195-generic 4.4.194)
[    0.000000] Command line: BOOT_IMAGE=/boot/vmlinuz-4.4.0-166-generic root=LABEL=cloudimg-rootfs ro console=tty1 console=ttyS0
[    0.000000] KERNEL supported cpus:
[    0.000000]   Intel GenuineIntel
[    0.000000]   AMD AuthenticAMD
[    0.000000]   Centaur CentaurHauls
[    0.000000] x86/fpu: xstate_offset[2]:  576, xstate_sizes[2]:  256
[    0.000000] x86/fpu: Supporting XSAVE feature 0x01: 'x87 floating point registers'
[    0.000000] x86/fpu: Supporting XSAVE feature 0x02: 'SSE registers'
[    0.000000] x86/fpu: Supporting XSAVE feature 0x04: 'AVX registers'
[    0.000000] x86/fpu: Enabled xstate features 0x7, context size is 832 bytes, using 'standard' format.
[    0.000000] e820: BIOS-provided physical RAM map:
[    0.000000] BIOS-e820: [mem 0x0000000000000000-0x000000000009fbff] usable
[    0.000000] BIOS-e820: [mem 0x000000000009fc00-0x000000000009ffff] reserved
[    0.000000] BIOS-e820: [mem 0x00000000000f0000-0x00000000000fffff] reserved
[    0.000000] BIOS-e820: [mem 0x0000000000100000-0x000000003ffeffff] usable
[    0.000000] BIOS-e820: [mem 0x000000003fff0000-0x000000003fffffff] ACPI data
[    0.000000] BIOS-e820: [mem 0x00000000fec00000-0x00000000fec00fff] reserved
[    0.000000] BIOS-e820: [mem 0x00000000fee00000-0x00000000fee00fff] reserved
[    0.000000] BIOS-e820: [mem 0x00000000fffc0000-0x00000000ffffffff] reserved
[    0.000000] NX (Execute Disable) protection: active
[    0.000000] SMBIOS 2.5 present.
[    0.000000] Hypervisor detected: KVM
[    0.000000] e820: last_pfn = 0x3fff0 max_arch_pfn = 0x400000000
[    0.000000] MTRR: Disabled
[    0.000000] x86/PAT: MTRRs disabled, skipping PAT initialization too.
[    0.000000] CPU MTRRs all blank - virtualized system.
[    0.000000] x86/PAT: Configuration [0-7]: WB  WT  UC- UC  WB  WT  UC- UC  
[    0.000000] found SMP MP-table at [mem 0x0009fff0-0x0009ffff] mapped at [ffff88000009fff0]
[    0.000000] Scanning 1 areas for low memory corruption
[    0.000000] RAMDISK: [mem 0x362f6000-0x37172fff]
[    0.000000] ACPI: Early table checksum verification disabled
[    0.000000] ACPI: RSDP 0x00000000000E0000 000024 (v02 VBOX  )
[    0.000000] ACPI: XSDT 0x000000003FFF0030 00003C (v01 VBOX   VBOXXSDT 00000001 ASL  00000061)
[    0.000000] ACPI: FACP 0x000000003FFF00F0 0000F4 (v04 VBOX   VBOXFACP 00000001 ASL  00000061)
[    0.000000] ACPI: DSDT 0x000000003FFF0470 0022EA (v02 VBOX   VBOXBIOS 00000002 INTL 20100528)
[    0.000000] ACPI: FACS 0x000000003FFF0200 000040
[    0.000000] ACPI: FACS 0x000000003FFF0200 000040
[    0.000000] ACPI: APIC 0x000000003FFF0240 00005C (v02 VBOX   VBOXAPIC 00000001 ASL  00000061)
[    0.000000] ACPI: SSDT 0x000000003FFF02A0 0001CC (v01 VBOX   VBOXCPUT 00000002 INTL 20100528)
[    0.000000] No NUMA configuration found
[    0.000000] Faking a node at [mem 0x0000000000000000-0x000000003ffeffff]
[    0.000000] NODE_DATA(0) allocated [mem 0x3ffeb000-0x3ffeffff]
[    0.000000] kvm-clock: Using msrs 4b564d01 and 4b564d00
[    0.000000] kvm-clock: cpu 0, msr 0:3ffe3001, primary cpu clock
[    0.000000] kvm-clock: using sched offset of 4192696851 cycles
[    0.000000] clocksource: kvm-clock: mask: 0xffffffffffffffff max_cycles: 0x1cd42e4dffb, max_idle_ns: 881590591483 ns
[    0.000000] Zone ranges:
[    0.000000]   DMA      [mem 0x0000000000001000-0x0000000000ffffff]
[    0.000000]   DMA32    [mem 0x0000000001000000-0x000000003ffeffff]
[    0.000000]   Normal   empty
[    0.000000]   Device   empty
[    0.000000] Movable zone start for each node
[    0.000000] Early memory node ranges
[    0.000000]   node   0: [mem 0x0000000000001000-0x000000000009efff]
[    0.000000]   node   0: [mem 0x0000000000100000-0x000000003ffeffff]
[    0.000000] Initmem setup node 0 [mem 0x0000000000001000-0x000000003ffeffff]
[    0.000000] ACPI: PM-Timer IO Port: 0x4008
[    0.000000] IOAPIC[0]: apic_id 2, version 32, address 0xfec00000, GSI 0-23
[    0.000000] ACPI: INT_SRC_OVR (bus 0 bus_irq 0 global_irq 2 dfl dfl)
[    0.000000] ACPI: INT_SRC_OVR (bus 0 bus_irq 9 global_irq 9 low level)
[    0.000000] Using ACPI (MADT) for SMP configuration information
[    0.000000] smpboot: Allowing 2 CPUs, 0 hotplug CPUs
[    0.000000] PM: Registered nosave memory: [mem 0x00000000-0x00000fff]
[    0.000000] PM: Registered nosave memory: [mem 0x0009f000-0x0009ffff]
[    0.000000] PM: Registered nosave memory: [mem 0x000a0000-0x000effff]
[    0.000000] PM: Registered nosave memory: [mem 0x000f0000-0x000fffff]
[    0.000000] e820: [mem 0x40000000-0xfebfffff] available for PCI devices
[    0.000000] Booting paravirtualized kernel on KVM
[    0.000000] clocksource: refined-jiffies: mask: 0xffffffff max_cycles: 0xffffffff, max_idle_ns: 7645519600211568 ns
[    0.000000] setup_percpu: NR_CPUS:512 nr_cpumask_bits:512 nr_cpu_ids:2 nr_node_ids:1
[    0.000000] PERCPU: Embedded 34 pages/cpu @ffff88003fc00000 s99544 r8192 d31528 u1048576
[    0.000000] Built 1 zonelists in Node order, mobility grouping on.  Total pages: 257912
[    0.000000] Policy zone: DMA32
[    0.000000] Kernel command line: BOOT_IMAGE=/boot/vmlinuz-4.4.0-166-generic root=LABEL=cloudimg-rootfs ro console=tty1 console=ttyS0
[    0.000000] PID hash table entries: 4096 (order: 3, 32768 bytes)
[    0.000000] Memory: 997712K/1048120K available (8623K kernel code, 1336K rwdata, 4036K rodata, 1488K init, 1288K bss, 50408K reserved, 0K cma-reserved)
[    0.000000] SLUB: HWalign=64, Order=0-3, MinObjects=0, CPUs=2, Nodes=1
[    0.000000] Kernel/User page tables isolation: enabled
[    0.000000] Hierarchical RCU implementation.
[    0.000000] 	Build-time adjustment of leaf fanout to 64.
[    0.000000] 	RCU restricting CPUs from NR_CPUS=512 to nr_cpu_ids=2.
[    0.000000] RCU: Adjusting geometry for rcu_fanout_leaf=64, nr_cpu_ids=2
[    0.000000] NR_IRQS:33024 nr_irqs:440 16
[    0.000000] Console: colour VGA+ 80x25
[    0.000000] console [tty1] enabled
[    0.000000] console [ttyS0] enabled
[    0.000000] tsc: Detected 2699.998 MHz processor
[    0.213719] Calibrating delay loop (skipped) preset value.. 5399.99 BogoMIPS (lpj=10799992)
[    0.216582] pid_max: default: 32768 minimum: 301
[    0.218204] ACPI: Core revision 20150930
[    0.220300] ACPI: 2 ACPI AML tables successfully acquired and loaded
[    0.222448] Security Framework initialized
[    0.223808] Yama: becoming mindful.
[    0.225046] AppArmor: AppArmor initialized
[    0.226466] Dentry cache hash table entries: 131072 (order: 8, 1048576 bytes)
[    0.230806] Inode-cache hash table entries: 65536 (order: 7, 524288 bytes)
[    0.233167] Mount-cache hash table entries: 2048 (order: 2, 16384 bytes)
[    0.235277] Mountpoint-cache hash table entries: 2048 (order: 2, 16384 bytes)
[    0.237646] Initializing cgroup subsys io
[    0.238985] Initializing cgroup subsys memory
[    0.240453] Initializing cgroup subsys devices
[    0.241904] Initializing cgroup subsys freezer
[    0.243344] Initializing cgroup subsys net_cls
[    0.244893] Initializing cgroup subsys perf_event
[    0.246417] Initializing cgroup subsys net_prio
[    0.247901] Initializing cgroup subsys hugetlb
[    0.249407] Initializing cgroup subsys pids
[    0.251806] mce: CPU supports 0 MCE banks
[    0.253223] Last level iTLB entries: 4KB 64, 2MB 8, 4MB 8
[    0.255369] Last level dTLB entries: 4KB 64, 2MB 0, 4MB 0, 1GB 4
[    0.257609] Spectre V1 : Mitigation: usercopy/swapgs barriers and __user pointer sanitization
[    0.260365] Spectre V2 : Mitigation: Full generic retpoline
[    0.262173] Spectre V2 : Spectre v2 / SpectreRSB mitigation: Filling RSB on context switch
[    0.264859] Speculative Store Bypass: Vulnerable
[    0.266510] MDS: Vulnerable: Clear CPU buffers attempted, no microcode
[    0.271217] Freeing SMP alternatives memory: 36K
[    0.278502] ftrace: allocating 32296 entries in 127 pages
[    0.339652] smpboot: APIC(0) Converting physical 0 to logical package 0
[    0.341785] smpboot: Max logical packages: 1
[    0.343390] x2apic enabled
[    0.344610] Switched APIC routing to physical x2apic.
[    0.347296] ..TIMER: vector=0x30 apic1=0 pin1=2 apic2=-1 pin2=-1
[    0.457292] smpboot: CPU0: Intel(R) Core(TM) i5-5257U CPU @ 2.70GHz (family: 0x6, model: 0x3d, stepping: 0x4)
[    0.460705] Performance Events: unsupported p6 CPU model 61 no PMU driver, software events only.
[    0.474346] KVM setup paravirtual spinlock
[    0.476637] x86: Booting SMP configuration:
[    0.478127] .... node  #0, CPUs:      #1
[    0.479646] kvm-clock: cpu 1, msr 0:3ffe3041, secondary cpu clock
[    0.483216] mce: CPU supports 0 MCE banks
[    0.486908] x86: Booted up 1 node, 2 CPUs
[    0.488837] smpboot: Total of 2 processors activated (10799.99 BogoMIPS)
[    0.492277] devtmpfs: initialized
[    0.495103] evm: security.selinux
[    0.496347] evm: security.SMACK64
[    0.497748] evm: security.SMACK64EXEC
[    0.499256] evm: security.SMACK64TRANSMUTE
[    0.501174] evm: security.SMACK64MMAP
[    0.502863] evm: security.ima
[    0.504172] evm: security.capability
[    0.506522] clocksource: jiffies: mask: 0xffffffff max_cycles: 0xffffffff, max_idle_ns: 7645041785100000 ns
[    0.510703] futex hash table entries: 512 (order: 3, 32768 bytes)
[    0.513588] pinctrl core: initialized pinctrl subsystem
[    0.515496] RTC time:  1:49:49, date: 11/05/19
[    0.517396] NET: Registered protocol family 16
[    0.528831] cpuidle: using governor ladder
[    0.540241] cpuidle: using governor menu
[    0.541996] PCCT header not found.
[    0.543693] ACPI: bus type PCI registered
[    0.545942] acpiphp: ACPI Hot Plug PCI Controller Driver version: 0.5
[    0.549611] PCI: Using configuration type 1 for base access
[    0.565053] ACPI: Added _OSI(Module Device)
[    0.567935] ACPI: Added _OSI(Processor Device)
[    0.570575] ACPI: Added _OSI(3.0 _SCP Extensions)
[    0.573452] ACPI: Added _OSI(Processor Aggregator Device)
[    0.578438] ACPI: Executed 1 blocks of module-level executable AML code
[    0.587623] ACPI: Interpreter enabled
[    0.591885] ACPI: (supports S0 S5)
[    0.596330] ACPI: Using IOAPIC for interrupt routing
[    0.602925] PCI: Using host bridge windows from ACPI; if necessary, use "pci=nocrs" and report a bug
[    0.626829] ACPI: PCI Root Bridge [PCI0] (domain 0000 [bus 00-ff])
[    0.630879] acpi PNP0A03:00: _OSC: OS supports [ASPM ClockPM Segments MSI]
[    0.635400] acpi PNP0A03:00: _OSC: not requesting OS control; OS requires [ExtendedConfig ASPM ClockPM MSI]
[    0.639133] acpi PNP0A03:00: fail to add MMCONFIG information, can't access extended PCI configuration space under this bridge.
[    0.645151] PCI host bridge to bus 0000:00
[    0.647739] pci_bus 0000:00: root bus resource [io  0x0000-0x0cf7 window]
[    0.649964] pci_bus 0000:00: root bus resource [io  0x0d00-0xffff window]
[    0.652222] pci_bus 0000:00: root bus resource [mem 0x000a0000-0x000bffff window]
[    0.654720] pci_bus 0000:00: root bus resource [mem 0x40000000-0xfdffffff window]
[    0.657321] pci_bus 0000:00: root bus resource [bus 00-ff]
[    0.663149] pci 0000:00:01.1: legacy IDE quirk: reg 0x10: [io  0x01f0-0x01f7]
[    0.665319] pci 0000:00:01.1: legacy IDE quirk: reg 0x14: [io  0x03f6]
[    0.667465] pci 0000:00:01.1: legacy IDE quirk: reg 0x18: [io  0x0170-0x0177]
[    0.669638] pci 0000:00:01.1: legacy IDE quirk: reg 0x1c: [io  0x0376]
[    0.704533] pci 0000:00:07.0: quirk: [io  0x4000-0x403f] claimed by PIIX4 ACPI
[    0.707065] pci 0000:00:07.0: quirk: [io  0x4100-0x410f] claimed by PIIX4 SMB
[    0.719314] ACPI: PCI Interrupt Link [LNKA] (IRQs 5 9 10 *11)
[    0.721788] ACPI: PCI Interrupt Link [LNKB] (IRQs 5 9 *10 11)
[    0.724222] ACPI: PCI Interrupt Link [LNKC] (IRQs 5 *9 10 11)
[    0.726707] ACPI: PCI Interrupt Link [LNKD] (IRQs 5 9 10 *11)
[    0.729395] ACPI: Enabled 2 GPEs in block 00 to 07
[    0.731403] vgaarb: setting as boot device: PCI:0000:00:02.0
[    0.733242] vgaarb: device added: PCI:0000:00:02.0,decodes=io+mem,owns=io+mem,locks=none
[    0.736023] vgaarb: loaded
[    0.737213] vgaarb: bridge control possible 0000:00:02.0
[    0.739275] SCSI subsystem initialized
[    0.740674] ACPI: bus type USB registered
[    0.742019] usbcore: registered new interface driver usbfs
[    0.743861] usbcore: registered new interface driver hub
[    0.745606] usbcore: registered new device driver usb
[    0.748206] PCI: Using ACPI for IRQ routing
[    0.750093] NetLabel: Initializing
[    0.751315] NetLabel:  domain hash size = 128
[    0.752707] NetLabel:  protocols = UNLABELED CIPSOv4
[    0.756258] NetLabel:  unlabeled traffic allowed by default
[    0.758464] amd_nb: Cannot enumerate AMD northbridges
[    0.760128] clocksource: Switched to clocksource kvm-clock
[    0.770715] AppArmor: AppArmor Filesystem Enabled
[    0.772389] pnp: PnP ACPI init
[    0.774867] pnp: PnP ACPI: found 3 devices
[    0.786566] clocksource: acpi_pm: mask: 0xffffff max_cycles: 0xffffff, max_idle_ns: 2085701024 ns
[    0.789486] NET: Registered protocol family 2
[    0.791050] TCP established hash table entries: 8192 (order: 4, 65536 bytes)
[    0.793595] TCP bind hash table entries: 8192 (order: 5, 131072 bytes)
[    0.795794] TCP: Hash tables configured (established 8192 bind 8192)
[    0.797968] UDP hash table entries: 512 (order: 2, 16384 bytes)
[    0.799856] UDP-Lite hash table entries: 512 (order: 2, 16384 bytes)
[    0.801969] NET: Registered protocol family 1
[    0.803400] pci 0000:00:00.0: Limiting direct PCI/PCI transfers
[    0.805557] pci 0000:00:01.0: Activating ISA DMA hang workarounds
[    0.807674] Unpacking initramfs...
[    1.040958] Freeing initrd memory: 14836K
[    1.042765] RAPL PMU detected, API unit is 2^-32 Joules, 4 fixed counters 10737418240 ms ovfl timer
[    1.045990] hw unit of domain pp0-core 2^-0 Joules
[    1.047577] hw unit of domain package 2^-0 Joules
[    1.049224] hw unit of domain dram 2^-0 Joules
[    1.050685] hw unit of domain pp1-gpu 2^-0 Joules
[    1.052226] clocksource: tsc: mask: 0xffffffffffffffff max_cycles: 0x26eb3cc21a9, max_idle_ns: 440795299783 ns
[    1.056080] platform rtc_cmos: registered platform RTC device (no PNP device found)
[    1.058764] Scanning for low memory corruption every 60 seconds
[    1.061138] audit: initializing netlink subsys (disabled)
[    1.062938] audit: type=2000 audit(1572918595.729:1): initialized
[    1.065291] Initialise system trusted keyring
[    1.067090] HugeTLB registered 2 MB page size, pre-allocated 0 pages
[    1.070421] zbud: loaded
[    1.071734] VFS: Disk quotas dquot_6.6.0
[    1.073387] VFS: Dquot-cache hash table entries: 512 (order 0, 4096 bytes)
[    1.075741] squashfs: version 4.0 (2009/01/31) Phillip Lougher
[    1.078144] fuse init (API version 7.23)
[    1.079606] Key type big_key registered
[    1.081135] Allocating IMA MOK and blacklist keyrings.
[    1.084264] Key type asymmetric registered
[    1.085658] Asymmetric key parser 'x509' registered
[    1.087303] Block layer SCSI generic (bsg) driver version 0.4 loaded (major 249)
[    1.090237] io scheduler noop registered
[    1.091583] io scheduler deadline registered (default)
[    1.093440] io scheduler cfq registered
[    1.094831] pci_hotplug: PCI Hot Plug PCI Core version: 0.5
[    1.096723] pciehp: PCI Express Hot Plug Controller Driver version: 0.4
[    1.099154] ACPI: AC Adapter [AC] (on-line)
[    1.100720] input: Power Button as /devices/LNXSYSTM:00/LNXPWRBN:00/input/input0
[    1.103202] ACPI: Power Button [PWRF]
[    1.104622] input: Sleep Button as /devices/LNXSYSTM:00/LNXSLPBN:00/input/input1
[    1.107100] ACPI: Sleep Button [SLPF]
[    1.108919] GHES: HEST is not enabled!
[    1.110694] Serial: 8250/16550 driver, 32 ports, IRQ sharing enabled
[    1.112585] ACPI: Battery Slot [BAT0] (battery present)
[    1.136455] 00:02: ttyS0 at I/O 0x3f8 (irq = 4, base_baud = 115200) is a 16550A
[    1.146976] Linux agpgart interface v0.103
[    1.150518] loop: module loaded
[    1.152302] scsi host0: ata_piix
[    1.153654] scsi host1: ata_piix
[    1.154844] ata1: PATA max UDMA/33 cmd 0x1f0 ctl 0x3f6 bmdma 0xd000 irq 14
[    1.157191] ata2: PATA max UDMA/33 cmd 0x170 ctl 0x376 bmdma 0xd008 irq 15
[    1.160086] libphy: Fixed MDIO Bus: probed
[    1.161848] tun: Universal TUN/TAP device driver, 1.6
[    1.163927] tun: (C) 1999-2004 Max Krasnyansky <maxk@qualcomm.com>
[    1.165998] PPP generic driver version 2.4.2
[    1.167469] ehci_hcd: USB 2.0 'Enhanced' Host Controller (EHCI) Driver
[    1.169913] ehci-pci: EHCI PCI platform driver
[    1.171754] ehci-platform: EHCI generic platform driver
[    1.173819] ohci_hcd: USB 1.1 'Open' Host Controller (OHCI) Driver
[    1.175760] ohci-pci: OHCI PCI platform driver
[    1.177580] ohci-platform: OHCI generic platform driver
[    1.179262] uhci_hcd: USB Universal Host Controller Interface driver
[    1.181593] i8042: PNP: PS/2 Controller [PNP0303:PS2K,PNP0f03:PS2M] at 0x60,0x64 irq 1,12
[    1.185042] serio: i8042 KBD port at 0x60,0x64 irq 1
[    1.187163] serio: i8042 AUX port at 0x60,0x64 irq 12
[    1.189051] mousedev: PS/2 mouse device common for all mice
[    1.191427] rtc_cmos rtc_cmos: rtc core: registered rtc_cmos as rtc0
[    1.193922] input: AT Translated Set 2 keyboard as /devices/platform/i8042/serio0/input/input2
[    1.197046] rtc_cmos rtc_cmos: alarms up to one day, 114 bytes nvram
[    1.199044] i2c /dev entries driver
[    1.200298] device-mapper: uevent: version 1.0.3
[    1.202115] device-mapper: ioctl: 4.34.0-ioctl (2015-10-28) initialised: dm-devel@redhat.com
[    1.205030] ledtrig-cpu: registered to indicate activity on CPUs
[    1.207471] NET: Registered protocol family 10
[    1.209411] NET: Registered protocol family 17
[    1.210913] Key type dns_resolver registered
[    1.212687] registered taskstats version 1
[    1.214304] Loading compiled-in X.509 certificates
[    1.216493] Loaded X.509 cert 'Build time autogenerated kernel key: 75bc1b51278a37d3abb49bab6b1b0161a6cc9ec0'
[    1.219873] zswap: loaded using pool lzo/zbud
[    1.223490] Key type trusted registered
[    1.228920] Key type encrypted registered
[    1.230336] AppArmor: AppArmor sha1 policy hashing enabled
[    1.232071] ima: No TPM chip found, activating TPM-bypass!
[    1.234135] ima: Allocated hash algorithm: sha1
[    1.235637] evm: HMAC attrs: 0x1
[    1.237457]   Magic number: 11:296:811
[    1.238842] rtc_cmos rtc_cmos: setting system clock to 2019-11-05 01:49:50 UTC (1572918590)
[    1.241869] BIOS EDD facility v0.16 2004-Jun-25, 0 devices found
[    1.243823] EDD information not available.
[    1.317907] Freeing unused kernel memory: 1488K
[    1.319611] Write protecting the kernel read-only data: 14336k
[    1.322236] Freeing unused kernel memory: 1604K
[    1.323880] Freeing unused kernel memory: 60K
Loading, please wait...
starting version 229
[    1.339301] random: systemd-udevd: uninitialized urandom read (16 bytes read, 3 bits of entropy available)
[    1.339741] random: udevadm: uninitialized urandom read (16 bytes read, 3 bits of entropy available)
[    1.339771] random: udevadm: uninitialized urandom read (16 bytes read, 3 bits of entropy available)
[    1.349599] random: udevadm: uninitialized urandom read (16 bytes read, 3 bits of entropy available)
[    1.352553] random: udevadm: uninitialized urandom read (16 bytes read, 3 bits of entropy available)
[    1.352706] random: systemd-udevd: uninitialized urandom read (16 bytes read, 3 bits of entropy available)
[    1.352724] random: systemd-udevd: uninitialized urandom read (16 bytes read, 3 bits of entropy available)
[    1.352740] random: systemd-udevd: uninitialized urandom read (16 bytes read, 3 bits of entropy available)
[    1.353695] random: systemd-udevd: uninitialized urandom read (16 bytes read, 3 bits of entropy available)
[    1.353716] random: systemd-udevd: uninitialized urandom read (16 bytes read, 3 bits of entropy available)
[    1.400096] Fusion MPT base driver 3.04.20
[    1.401968] Copyright (c) 1999-2008 LSI Corporation
[    1.407386] e1000: Intel(R) PRO/1000 Network Driver - version 7.3.21-k8-NAPI
[    1.410007] e1000: Copyright (c) 1999-2006 Intel Corporation.
[    1.427538] AVX2 version of gcm_enc/dec engaged.
[    1.429872] AES CTR mode by8 optimization enabled
[    1.453871] Fusion MPT SPI Host driver 3.04.20
[    1.621529] input: ImExPS/2 Generic Explorer Mouse as /devices/platform/i8042/serio1/input/input4
[    1.908188] e1000 0000:00:03.0 eth0: (PCI:33MHz:32-bit) 02:95:cf:22:ea:76
[    1.910322] e1000 0000:00:03.0 eth0: Intel(R) PRO/1000 Network Connection
[    1.913446] mptbase: ioc0: Initiating bringup
[    1.914175] e1000 0000:00:03.0 enp0s3: renamed from eth0
[    1.984690] ioc0: LSI53C1030 A0: Capabilities={Initiator}
[    2.148240] scsi host2: ioc0: LSI53C1030 A0, FwRev=00000000h, Ports=1, MaxQ=256, IRQ=20
[    2.266310] scsi 2:0:0:0: Direct-Access     VBOX     HARDDISK         1.0  PQ: 0 ANSI: 5
[    2.269300] scsi target2:0:0: Beginning Domain Validation
[    2.273206] scsi target2:0:0: Domain Validation skipping write tests
[    2.275176] scsi target2:0:0: Ending Domain Validation
[    2.276964] scsi target2:0:0: asynchronous
[    2.288584] scsi 2:0:1:0: Direct-Access     VBOX     HARDDISK         1.0  PQ: 0 ANSI: 5
[    2.291262] scsi target2:0:1: Beginning Domain Validation
[    2.294221] scsi target2:0:1: Domain Validation skipping write tests
[    2.296202] scsi target2:0:1: Ending Domain Validation
[    2.298024] scsi target2:0:1: asynchronous
[    2.306882] sd 2:0:0:0: Attached scsi generic sg0 type 0
[    2.308924] sd 2:0:0:0: [sda] 20971520 512-byte logical blocks: (10.7 GB/10.0 GiB)
[    2.311919] sd 2:0:1:0: [sdb] 20480 512-byte logical blocks: (10.5 MB/10.0 MiB)
[    2.315020] sd 2:0:1:0: Attached scsi generic sg1 type 0
[    2.317563] sd 2:0:0:0: [sda] Write Protect is off
[    2.319330] sd 2:0:1:0: [sdb] Write Protect is off
[    2.321032] sd 2:0:0:0: [sda] Incomplete mode parameter data
[    2.322785] sd 2:0:0:0: [sda] Assuming drive cache: write through
[    2.324876] sd 2:0:1:0: [sdb] Incomplete mode parameter data
[    2.326832] sd 2:0:1:0: [sdb] Assuming drive cache: write through
[    2.331711]  sda: sda1
[    2.334845] sd 2:0:1:0: [sdb] Attached SCSI disk
[    2.336360] sd 2:0:0:0: [sda] Attached SCSI disk
Begin: Loading essential drivers ... [    3.677161] md: linear personality registered for level -1
[    3.681778] md: multipath personality registered for level -4
[    3.686536] md: raid0 personality registered for level 0
[    3.693239] md: raid1 personality registered for level 1
[    3.772922] raid6: sse2x1   gen() 10456 MB/s
[    3.841427] raid6: sse2x1   xor()  7456 MB/s
[    3.908178] raid6: sse2x2   gen() 11815 MB/s
[    3.976297] raid6: sse2x2   xor()  7389 MB/s
[    4.044302] raid6: sse2x4   gen()  6322 MB/s
[    4.112408] raid6: sse2x4   xor()  8262 MB/s
[    4.181084] raid6: avx2x1   gen() 18751 MB/s
[    4.248693] raid6: avx2x2   gen() 21330 MB/s
[    4.316362] raid6: avx2x4   gen() 24646 MB/s
[    4.318035] raid6: using algorithm avx2x4 gen() 24646 MB/s
[    4.319846] raid6: using avx2x2 recovery algorithm
[    4.322766] xor: automatically using best checksumming function:
[    4.364295]    avx       : 27853.000 MB/sec
[    4.367324] async_tx: api initialized (async)
[    4.382457] md: raid6 personality registered for level 6
[    4.384223] md: raid5 personality registered for level 5
[    4.386093] md: raid4 personality registered for level 4
[    4.394322] md: raid10 personality registered for level 10
done.
Begin: Running /scripts/init-premount ... done.
Begin: Mounting root file system ... Begin: Running /scripts/local-top ... done.
Begin: Running /scripts/local-premount ... [    4.428231] Btrfs loaded
Scanning for Btrfs filesystems
done.
Warning: fsck not present, so skipping root file system
[    4.463027] EXT4-fs (sda1): mounted filesystem with ordered data mode. Opts: (null)
done.
Begin: Running /scripts/local-bottom ... done.
Begin: Running /scripts/init-bottom ... done.
[    4.574500] systemd[1]: systemd 229 running in system mode. (+PAM +AUDIT +SELINUX +IMA +APPARMOR +SMACK +SYSVINIT +UTMP +LIBCRYPTSETUP +GCRYPT +GNUTLS +ACL +XZ -LZ4 +SECCOMP +BLKID +ELFUTILS +KMOD -IDN)
[    4.580244] systemd[1]: Detected virtualization oracle.
[    4.581911] systemd[1]: Detected architecture x86-64.

Welcome to [1mUbuntu 16.04.6 LTS[0m!

[    4.587914] systemd[1]: Set hostname to <ubuntu-xenial>.
[    4.965987] systemd[1]: Listening on LVM2 poll daemon socket.
[[0;32m  OK  [0m] Listening on LVM2 poll daemon socket.
[    4.969947] systemd[1]: Listening on Syslog Socket.
[[0;32m  OK  [0m] Listening on Syslog Socket.
[    4.973275] systemd[1]: Set up automount Arbitrary Executable File Formats File System Automount Point.
[[0;32m  OK  [0m] Set up automount Arbitrary Executab...ats File System Automount Point.
[    4.978132] systemd[1]: Listening on Journal Socket.
[[0;32m  OK  [0m] Listening on Journal Socket.
[    4.981628] systemd[1]: Started Trigger resolvconf update for networkd DNS.
[[0;32m  OK  [0m] Started Trigger resolvconf update for networkd DNS.
[    4.985935] systemd[1]: Listening on udev Control Socket.
[[0;32m  OK  [0m] Listening on udev Control Socket.
[    4.989406] systemd[1]: Reached target Swap.
[[0;32m  OK  [0m] Reached target Swap.
[    4.992331] systemd[1]: Reached target Encrypted Volumes.
[[0;32m  OK  [0m] Reached target Encrypted Volumes.
[    4.995747] systemd[1]: Reached target User and Group Name Lookups.
[[0;32m  OK  [0m] Reached target User and Group Name Lookups.
[    4.999796] systemd[1]: Started Forward Password Requests to Wall Directory Watch.
[[0;32m  OK  [0m] Started Forward Password Requests to Wall Directory Watch.
[    5.004638] systemd[1]: Listening on /dev/initctl Compatibility Named Pipe.
[[0;32m  OK  [0m] Listening on /dev/initctl Compatibility Named Pipe.
[    5.009150] systemd[1]: Created slice System Slice.
[[0;32m  OK  [0m] Created slice System Slice.
[    5.025087] systemd[1]: Starting Load Kernel Modules...
         Starting Load Kernel Modules...
[    5.029878] systemd[1]: Starting Uncomplicated firewall...
         Starting Uncomplicated firewall...
[    5.036692] systemd[1]: Starting Create list of required static device nodes for the current kernel...
         Starting Create list of required st... nodes for the current kernel...
[    5.044311] systemd[1]: Mounting Debug File System...
         Mounting Debug File System...
[    5.048379] Loading iSCSI transport class v2.0-870.
[    5.049948] systemd[1]: Listening on Device-mapper event daemon FIFOs.
[[0;32m  OK  [0m] Listening on Device-mapper event daemon FIFOs.
[    5.055557] systemd[1]: Listening on Journal Audit Socket.
[[0;32m  OK  [0m] Listening on Journal Audit Socket.
[    5.060446] systemd[1]: Listening on Journal Socket (/dev/log).
[[0;32m  OK  [0m] Listening on Journal Socket (/dev/log).
[    5.067212] systemd[1]: Created slice User and Session Slice.
[[    5.072428] iscsi: registered transport (tcp)
[0;32m  OK  [0m] Created slice User and Session Slice.
[    5.075716] systemd[1]: Reached target Slices.
[[0;32m  OK  [0m] Reached target Slices.
[    5.080323] systemd[1]: Starting Journal Service...
         Starting Journal Service...
[    5.084919] systemd[1]: Created slice system-serial\x2dgetty.slice.
[[0;32m  OK  [0m] Created slice system-serial\x2dgetty.slice.
[    5.091054] systemd[1]: Listening on udev Kernel Socket.
[[0;32m  OK  [0m] Listening on udev Kernel Socket.
[    5.096377] systemd[1]: Reached target System Time Synchronized.
[[0;32m  OK  [0m] Reached target System Time Synchronized.
[    5.105548] systemd[1]: Mounting POSIX Message Queue File System...
         Mounting POSIX Message Queue File System...
[    5.113428] systemd[1]: Listening on LVM2 metadata daemon socket.
[[0;32m  OK  [0m] Listening on LVM2 metadata daemon socket.
[    5.137680] iscsi: registered transport (iser)
[    5.140606] systemd[1]: Starting Monitoring of LVM2 mirrors, snapshots etc. using dmeventd or progress polling...
         Starting Monitoring of LVM2 mirrors... dmeventd or progress polling...
[    5.153959] systemd[1]: Mounting Huge Pages File System...
         Mounting Huge Pages File System...
[    5.169615] systemd[1]: Starting Remount Root and Kernel File Systems...
         Starting Remount Root and Kernel File Systems...
[    5.178581] systemd[1]: Starting Set console keymap...
[    5.181920] EXT4-fs (sda1): re-mounted. Opts: (null)
         Starting Set console keymap...
[    5.193290] systemd[1]: Starting Nameserver information manager...
         Starting Nameserver information manager...
[    5.213123] systemd[1]: Mounted POSIX Message Queue File System.
[[0;32m  OK  [0m] Mounted POSIX Message Queue File System.
[    5.220178] systemd[1]: Mounted Huge Pages File System.
[[0;32m  OK  [0m] Mounted Huge Pages File System.
[    5.229669] systemd[1]: Mounted Debug File System.
[[0;32m  OK  [0m] Mounted Debug File System.
[    5.240693] systemd[1]: Started Journal Service.
[[0;32m  OK  [0m] Started Journal Service.
[[0;32m  OK  [0m] Started Load Kernel Modules.
[[0;32m  OK  [0m] Started Uncomplicated firewall.
[[0;32m  OK  [0m] Started Create list of required sta...ce nodes for the current kernel.
[[0;32m  OK  [0m] Started Remount Root and Kernel File Systems.
[[0;32m  OK  [0m] Started Set console keymap.
[[0;32m  OK  [0m] Started Nameserver information manager.
[    5.337050] random: nonblocking pool is initialized
[[0;32m  OK  [0m] Started LVM2 metadata daemon.
         Starting Load/Save Random Seed...
         Starting udev Coldplug all Devices...
         Starting Create Static Device Nodes in /dev...
         Starting Apply Kernel Variables...
         Mounting FUSE Control File System...
         Starting Flush Journal to Persistent Storage...
[[0;32m  OK  [0m] Started Load/Save Random Seed.
[[0;32m  OK  [0m] Mounted FUSE Control File System.
[[0;32m  OK  [0m] Started Apply Kernel Variables.
[[0;32m  OK  [0m] Started Create Static Device Nodes in /dev.
[[0;32m  OK  [0m] Started Flush Journal to Persistent Storage.
[[0;32m  OK  [0m] Started udev Coldplug all Devices.
         Starting udev Kernel Device Manager...
[[0;32m  OK  [0m] Started udev Kernel Device Manager.
[[0;32m  OK  [0m] Started Dispatch Password Requests to Console Directory Watch.
[[0;32m  OK  [0m] Found device /dev/ttyS0.
[[0;32m  OK  [0m] Listening on Load/Save RF Kill Switch Status /dev/rfkill Watch.
[[0;32m  OK  [0m] Started Monitoring of LVM2 mirrors,...ng dmeventd or progress polling.
[[0;32m  OK  [0m] Reached target Local File Systems (Pre).
[[0;32m  OK  [0m] Reached target Local File Systems.
         Starting Set console font and keymap...
         Starting LSB: AppArmor initialization...
         Starting Tell Plymouth To Write Out Runtime Data...
         Starting Initial cloud-init job (pre-networking)...
         Starting Create Volatile Files and Directories...
[[0;32m  OK  [0m] Started Tell Plymouth To Write Out Runtime Data.
[[0;32m  OK  [0m] Started Create Volatile Files and Directories.
         Starting Update UTMP about System Boot/Shutdown...
[[0;32m  OK  [0m] Started LSB: AppArmor initialization.
[[0;32m  OK  [0m] Started Update UTMP about System Boot/Shutdown.
[[0;32m  OK  [0m] Started Set console font and keymap.
[[0;32m  OK  [0m] Created slice system-getty.slice.
[    7.906597] cloud-init[628]: Cloud-init v. 19.2-36-g059d049c-0ubuntu2~16.04.1 running 'init-local' at Tue, 05 Nov 2019 01:49:57 +0000. Up 7.50 seconds.
[[0;32m  OK  [0m] Started Initial cloud-init job (pre-networking).
[[0;32m  OK  [0m] Reached target Network (Pre).
[[0;32m  OK  [0m] Started ifup for enp0s3.
         Starting Raise network interfaces...
[[0;32m  OK  [0m] Started Raise network interfaces.
[[0;32m  OK  [0m] Reached target Network.
         Starting Initial cloud-init job (metadata service crawler)...
[    9.363154] cloud-init[976]: Cloud-init v. 19.2-36-g059d049c-0ubuntu2~16.04.1 running 'init' at Tue, 05 Nov 2019 01:49:58 +0000. Up 8.62 seconds.
[    9.372858] cloud-init[976]: ci-info: ++++++++++++++++++++++++++++++++++++++Net device info++++++++++++++++++++++++++++++++++++++
[    9.381584] cloud-init[976]: ci-info: +--------+------+----------------------------+---------------+--------+-------------------+
[    9.387493] cloud-init[976]: ci-info: | Device |  Up  |          Address           |      Mask     | Scope  |     Hw-Address    |
[    9.397430] cloud-init[976]: ci-info: +--------+------+----------------------------+---------------+--------+-------------------+
[    9.406676] cloud-init[976]: ci-info: | enp0s3 | True |         10.0.2.15          | 255.255.255.0 | global | 02:95:cf:22:ea:76 |
[    9.414122] cloud-init[976]: ci-info: | enp0s3 | True | fe80::95:cfff:fe22:ea76/64 |       .       |  link  | 02:95:cf:22:ea:76 |
[    9.421595] cloud-init[976]: ci-info: |   lo   | True |         127.0.0.1          |   255.0.0.0   |  host  |         .         |
[    9.430684] cloud-init[976]: ci-info: |   lo   | True |          ::1/128           |       .       |  host  |         .         |
[    9.438943] cloud-init[976]: ci-info: +--------+------+----------------------------+---------------+--------+-------------------+
[    9.446206] cloud-init[976]: ci-info: +++++++++++++++++++++++++++Route IPv4 info++++++++++++++++++++++++++++
[    9.450848] cloud-init[976]: ci-info: +-------+-------------+----------+---------------+-----------+-------+
[    9.457198] cloud-init[976]: ci-info: | Route | Destination | Gateway  |    Genmask    | Interface | Flags |
[    9.476471] cloud-init[976]: ci-info: +-------+-------------+----------+---------------+-----------+-------+
[    9.482992] cloud-init[976]: ci-info: |   0   |   0.0.0.0   | 10.0.2.2 |    0.0.0.0    |   enp0s3  |   UG  |
[    9.495436] cloud-init[976]: ci-info: |   1   |   10.0.2.0  | 0.0.0.0  | 255.255.255.0 |   enp0s3  |   U   |
[    9.505856] cloud-init[976]: ci-info: +-------+-------------+----------+---------------+-----------+-------+
[    9.515739] cloud-init[976]: ci-info: +++++++++++++++++++Route IPv6 info+++++++++++++++++++
[    9.522371] cloud-init[976]: ci-info: +-------+-------------+---------+-----------+-------+
[    9.528982] cloud-init[976]: ci-info: | Route | Destination | Gateway | Interface | Flags |
[    9.537026] cloud-init[976]: ci-info: +-------+-------------+---------+-----------+-------+
[    9.542212] cloud-init[976]: ci-info: |   0   |  fe80::/64  |    ::   |   enp0s3  |   U   |
[    9.549247] cloud-init[976]: ci-info: |   3   |   ff00::/8  |    ::   |   enp0s3  |   U   |
[    9.565913] cloud-init[976]: ci-info: +-------+-------------+---------+-----------+-------+
[[0;32m  OK  [0m] Started Initial cloud-init job (metadata service crawler).
[[0;32m  OK  [0m] Reached target Cloud-config availability.
[[0;32m  OK  [0m] Reached target Network is Online.
         Starting iSCSI initiator daemon (iscsid)...
[[0;32m  OK  [0m] Reached target System Initialization.
[[0;32m  OK  [0m] Started ACPI Events Check.
[[0;32m  OK  [0m] Reached target Paths.
[[0;32m  OK  [0m] Listening on ACPID Listen Socket.
[[0;32m  OK  [0m] Started Daily Cleanup of Temporary Directories.
         Starting LXD - unix socket.
[[0;32m  OK  [0m] Listening on D-Bus System Message Bus Socket.
[[0;32m  OK  [0m] Listening on UUID daemon activation socket.
         Starting Socket activation for snappy daemon.
[[0;32m  OK  [0m] Started Message of the Day.
[[0;32m  OK  [0m] Started Daily apt download activities.
[[0;32m  OK  [0m] Started Daily apt upgrade and clean activities.
[[0;32m  OK  [0m] Reached target Timers.
[[0;32m  OK  [0m] Listening on LXD - unix socket.
[[0;32m  OK  [0m] Listening on Socket activation for snappy daemon.
[[0;32m  OK  [0m] Started iSCSI initiator daemon (iscsid).
         Starting Login to default iSCSI targets...
[[0;32m  OK  [0m] Reached target Sockets.
[[0;32m  OK  [0m] Reached target Basic System.
[[0;32m  OK  [0m] Started FUSE filesystem for LXC.
         Starting LSB: Record successful boot for GRUB...
         Starting /etc/rc.local Compatibility...
[[0;32m  OK  [0m] Started ACPI event daemon.
         Starting Virtualbox guest utils...
         Starting System Logging Service...
         Starting LSB: MD monitoring daemon...
         Starting Snappy daemon...
         Starting Accounts Service...
         Starting LXD - container startup/shutdown...
[[0;32m  OK  [0m] Started D-Bus System Message Bus.
         Starting OpenBSD Secure Shell server...
[[0;32m  OK  [0m] Started Deferred execution scheduler.
[[0;32m  OK  [0m] Started Regular background program processing daemon.
         Starting Login Service...
[[0;32m  OK  [0m] Started System Logging Service.
[[0;32m  OK  [0m] Started /etc/rc.local Compatibility.
[[0;32m  OK  [0m] Started Login to default iSCSI targets.
[[0;32m  OK  [0m] Started LXD - container startup/shutdown.
[[0;32m  OK  [0m] Started OpenBSD Secure Shell server.
[[0;32m  OK  [0m] Started LSB: Record successful boot for GRUB.
[[0;32m  OK  [0m] Started LSB: MD monitoring daemon.
[[0;32m  OK  [0m] Started Snappy daemon.
         Starting Authenticate and Authorize Users to Run Privileged Tasks...
         Starting Wait until snapd is fully seeded...
[[0;32m  OK  [0m] Reached target Remote File Systems (Pre).
[[0;32m  OK  [0m] Reached target Remote File Systems.
         Starting LSB: Set the CPU Frequency Scaling governor to "ondemand"...
         Starting LSB: daemon to balance interrupts for SMP systems...
         Starting LSB: automatic crash report generation...
         Starting LSB: Apache2 web server...
         Starting Permit User Sessions...
[[0;32m  OK  [0m] Started Virtualbox guest utils.
[[0;32m  OK  [0m] Started Login Service.
[[0;32m  OK  [0m] Started Permit User Sessions.
[[0;32m  OK  [0m] Started Authenticate and Authorize Users to Run Privileged Tasks.
[[0;32m  OK  [0m] Started Accounts Service.
[[0;32m  OK  [0m] Started LSB: Set the CPU Frequency Scaling governor to "ondemand".
[[0;32m  OK  [0m] Started Wait until snapd is fully seeded.
         Starting Apply the settings specified in cloud-config...
         Starting Terminate Plymouth Boot Screen...
         Starting Hold until boot process finishes up...
[[0;32m  OK  [0m] Started Unattended Upgrades Shutdown.
[[0;32m  OK  [0m] Started Hold until boot process finishes up.
[[0;32m  OK  [0m] Started Terminate Plymouth Boot Screen.
[[0;32m  OK  [0m] Started LSB: daemon to balance interrupts for SMP systems.
         Starting Set console scheme...
[[0;32m  OK  [0m] Started Getty on tty1.
[[0;32m  OK  [0m] Started Serial Getty on ttyS0.
[[0;32m  OK  [0m] Reached target Login Prompts.
[[0;32m  OK  [0m] Started LSB: automatic crash report generation.
[[0;32m  OK  [0m] Started Set console scheme.
[[0;32m  OK  [0m] Started LSB: Apache2 web server.
[[0;32m  OK  [0m] Reached target Multi-User System.
[[0;32m  OK  [0m] Reached target Graphical Interface.
         Starting Update UTMP about System Runlevel Changes...
[[0;32m  OK  [0m] Started Update UTMP about System Runlevel Changes.
[[0;32m  OK  [0m] Created slice User Slice of vagrant.
         Starting User Manager for UID 1000...
[[0;32m  OK  [0m] Started Session 1 of user vagrant.
[[0;32m  OK  [0m] Started User Manager for UID 1000.
[   12.124829] cloud-init[1228]: Cloud-init v. 19.2-36-g059d049c-0ubuntu2~16.04.1 running 'modules:config' at Tue, 05 Nov 2019 01:50:01 +0000. Up 11.94 seconds.
[[0;32m  OK  [0m] Started Apply the settings specified in cloud-config.
         Starting Execute cloud user/final scripts...
[   13.122129] cloud-init[1399]: Cloud-init v. 19.2-36-g059d049c-0ubuntu2~16.04.1 running 'modules:final' at Tue, 05 Nov 2019 01:50:02 +0000. Up 13.00 seconds.
[   13.126344] cloud-init[1399]: Cloud-init v. 19.2-36-g059d049c-0ubuntu2~16.04.1 finished at Tue, 05 Nov 2019 01:50:02 +0000. Datasource DataSourceNoCloud [seed=/dev/sdb][dsmode=net].  Up 13.11 seconds
[[0;32m  OK  [0m] Started Execute cloud user/final scripts.
[[0;32m  OK  [0m] Reached target Cloud-init target.

Ubuntu 16.04.6 LTS ubuntu-xenial ttyS0

ubuntu-xenial login: 